<?xml version="1.0" encoding="UTF-8"?>
<!-- Generated by org.testng.reporters.JUnitXMLReporter -->
<testsuite hostname="HuyDuongTr" ignored="0" name="Surefire test" tests="2" failures="0" timestamp="2021-01-12T17:14:07 ICT" time="15.74" errors="0">
  <testcase name="registerAccountSuccessfully on registerAccountSuccessfully(suite.registery.RegisteryTest)" time="8.714" classname="suite.registery.RegisteryTest"/>
  <testcase name="registerAccountFailedAtTypeWrongPhoneOTP on registerAccountFailedAtTypeWrongPhoneOTP(suite.registery.RegisteryTest)" time="15.696" classname="suite.registery.RegisteryTest"/>
</testsuite> <!-- Surefire test -->
